2026-01-09 16:25:47 - phq9_analysis.detection - [92mINFO[0m - logging_util.py:113 - Logging to file: logs/detection/detection_20260109_162547.log
2026-01-09 16:25:47 - phq9_analysis.detection - [92mINFO[0m - logging_util.py:149 - ================================================================================
2026-01-09 16:25:47 - phq9_analysis.detection - [92mINFO[0m - logging_util.py:150 -                           PHQ-9 CHANGE POINT DETECTION                          
2026-01-09 16:25:47 - phq9_analysis.detection - [92mINFO[0m - logging_util.py:151 - ================================================================================
2026-01-09 16:25:47 - phq9_analysis.detection - [92mINFO[0m - run_detection.py:126 - Start time: 2026-01-09 16:25:47
2026-01-09 16:25:47 - phq9_analysis.detection - [92mINFO[0m - run_detection.py:128 - Configuration Summary:
2026-01-09 16:25:47 - phq9_analysis.detection - [92mINFO[0m - run_detection.py:130 -   Execution: {'Mode': 'compare', 'Detectors': ['pelt', 'bocpd']}
2026-01-09 16:25:47 - phq9_analysis.detection - [92mINFO[0m - run_detection.py:130 -   Data: {'Input path': 'data/raw/synthetic_phq9_data.csv'}
2026-01-09 16:25:47 - phq9_analysis.detection - [92mINFO[0m - run_detection.py:130 -   Statistical Testing: {'Alpha': 0.05, 'Test': 'auto', 'Multiple testing correction': 'fdr_bh', 'Effect size threshold': 0.3}
2026-01-09 16:25:47 - phq9_analysis.detection - [92mINFO[0m - run_detection.py:130 -   Visualization: {'Smoothing window': 10, 'Figure size': '15x10', 'DPI': 300}
2026-01-09 16:25:47 - phq9_analysis.detection - [92mINFO[0m - run_detection.py:130 -   Output: {'Results directory': 'results/detection'}
2026-01-09 16:25:47 - phq9_analysis.detection - [92mINFO[0m - run_detection.py:130 -   PELT: {'Cost model': 'l1', 'Penalty': 0.5, 'Auto-tune penalty': True, 'Penalty range': (0.1, 10.0), 'Min segment size': 5, 'Jump': 1}
2026-01-09 16:25:47 - phq9_analysis.detection - [92mINFO[0m - run_detection.py:130 -   BOCPD: {'Hazard lambda': 100.0, 'Likelihood model': 'gaussian', 'Prior type': 'empirical (data-adaptive)', 'Max run length': 500, 'Posterior threshold': 0.6, 'Posterior smoothing': 3, 'Reset on CP': True}
2026-01-09 16:25:47 - phq9_analysis.detection - [92mINFO[0m - run_detection.py:130 -   Model Selection: {'Enabled': False, 'Config': None}
2026-01-09 16:25:47 - phq9_analysis.detection - [92mINFO[0m - run_detection.py:138 - 
Running detection pipeline...
2026-01-09 16:26:02 - phq9_analysis.detection - [92mINFO[0m - bocpd_detector.py:82 - BOCPD progress: t=18/365
2026-01-09 16:26:02 - phq9_analysis.detection - [92mINFO[0m - bocpd_detector.py:82 - BOCPD progress: t=36/365
2026-01-09 16:26:02 - phq9_analysis.detection - [92mINFO[0m - bocpd_detector.py:82 - BOCPD progress: t=54/365
2026-01-09 16:26:02 - phq9_analysis.detection - [92mINFO[0m - bocpd_detector.py:82 - BOCPD progress: t=72/365
2026-01-09 16:26:02 - phq9_analysis.detection - [92mINFO[0m - bocpd_detector.py:82 - BOCPD progress: t=90/365
2026-01-09 16:26:02 - phq9_analysis.detection - [92mINFO[0m - bocpd_detector.py:82 - BOCPD progress: t=108/365
2026-01-09 16:26:02 - phq9_analysis.detection - [92mINFO[0m - bocpd_detector.py:82 - BOCPD progress: t=126/365
2026-01-09 16:26:02 - phq9_analysis.detection - [92mINFO[0m - bocpd_detector.py:82 - BOCPD progress: t=144/365
2026-01-09 16:26:02 - phq9_analysis.detection - [92mINFO[0m - bocpd_detector.py:82 - BOCPD progress: t=162/365
2026-01-09 16:26:02 - phq9_analysis.detection - [92mINFO[0m - bocpd_detector.py:82 - BOCPD progress: t=180/365
2026-01-09 16:26:02 - phq9_analysis.detection - [92mINFO[0m - bocpd_detector.py:82 - BOCPD progress: t=198/365
2026-01-09 16:26:02 - phq9_analysis.detection - [92mINFO[0m - bocpd_detector.py:82 - BOCPD progress: t=216/365
2026-01-09 16:26:02 - phq9_analysis.detection - [92mINFO[0m - bocpd_detector.py:82 - BOCPD progress: t=234/365
2026-01-09 16:26:02 - phq9_analysis.detection - [92mINFO[0m - bocpd_detector.py:82 - BOCPD progress: t=252/365
2026-01-09 16:26:02 - phq9_analysis.detection - [92mINFO[0m - bocpd_detector.py:82 - BOCPD progress: t=270/365
2026-01-09 16:26:02 - phq9_analysis.detection - [92mINFO[0m - bocpd_detector.py:82 - BOCPD progress: t=288/365
2026-01-09 16:26:02 - phq9_analysis.detection - [92mINFO[0m - bocpd_detector.py:82 - BOCPD progress: t=306/365
2026-01-09 16:26:02 - phq9_analysis.detection - [92mINFO[0m - bocpd_detector.py:82 - BOCPD progress: t=324/365
2026-01-09 16:26:02 - phq9_analysis.detection - [92mINFO[0m - bocpd_detector.py:82 - BOCPD progress: t=342/365
2026-01-09 16:26:02 - phq9_analysis.detection - [92mINFO[0m - bocpd_detector.py:82 - BOCPD progress: t=360/365
2026-01-09 16:26:04 - phq9_analysis.detection - [92mINFO[0m - run_detection.py:142 - 
================================================================================
2026-01-09 16:26:04 - phq9_analysis.detection - [92mINFO[0m - run_detection.py:143 - DETECTION SUMMARY
2026-01-09 16:26:04 - phq9_analysis.detection - [92mINFO[0m - run_detection.py:144 - ================================================================================
2026-01-09 16:26:04 - phq9_analysis.detection - [92mINFO[0m - run_detection.py:147 - 
Detector: PELT
2026-01-09 16:26:04 - phq9_analysis.detection - [92mINFO[0m - run_detection.py:150 -   Change points : 3
2026-01-09 16:26:04 - phq9_analysis.detection - [92mINFO[0m - run_detection.py:151 -   Penalty used  : 1.048
2026-01-09 16:26:04 - phq9_analysis.detection - [92mINFO[0m - run_detection.py:152 -   Significant  : 4 / 4
2026-01-09 16:26:04 - phq9_analysis.detection - [92mINFO[0m - run_detection.py:147 - 
Detector: BOCPD
2026-01-09 16:26:04 - phq9_analysis.detection - [92mINFO[0m - run_detection.py:155 -   Change points        : 0
2026-01-09 16:26:04 - phq9_analysis.detection - [92mINFO[0m - run_detection.py:156 -   Posterior threshold  : 0.6
2026-01-09 16:26:04 - phq9_analysis.detection - [92mINFO[0m - run_detection.py:177 - 
Model selection skipped (selection_enabled = False)
2026-01-09 16:26:04 - phq9_analysis.detection - [92mINFO[0m - run_detection.py:179 - 
Output directory:
2026-01-09 16:26:04 - phq9_analysis.detection - [92mINFO[0m - run_detection.py:180 -   results/detection
2026-01-09 16:26:04 - phq9_analysis.detection - [92mINFO[0m - run_detection.py:182 - 
Detection completed successfully.
2026-01-09 16:26:04 - phq9_analysis.detection - [92mINFO[0m - run_detection.py:190 - 
End time: 2026-01-09 16:26:04
