2026-01-17 20:02:59 - phq9_analysis.generation - [92mINFO[0m - logging_util.py:113 - Logging to file: logs/generation/generation_20260117_200259.log
2026-01-17 20:02:59 - phq9_analysis.generation - [92mINFO[0m - generator.py:71 - Initialized PHQ9DataGenerator | Patients=1000, Study Days=365, AR(1)=0.70, Relapse Dist=lognormal, Response Patterns=Enabled
2026-01-17 20:02:59 - phq9_analysis.generation - [92mINFO[0m - run_generation.py:153 - Starting data generation pipeline...
2026-01-17 20:02:59 - phq9_analysis.generation - [92mINFO[0m - logging_util.py:149 - ================================================================================
2026-01-17 20:02:59 - phq9_analysis.generation - [92mINFO[0m - logging_util.py:150 -                             STARTING DATA GENERATION                            
2026-01-17 20:02:59 - phq9_analysis.generation - [92mINFO[0m - logging_util.py:151 - ================================================================================
2026-01-17 20:02:59 - phq9_analysis.generation - [92mINFO[0m - generator.py:87 - Step 1/5: Initializing patient trajectories
2026-01-17 20:02:59 - phq9_analysis.generation - [92mINFO[0m - generator.py:132 - Response pattern distribution:
2026-01-17 20:02:59 - phq9_analysis.generation - [92mINFO[0m - generator.py:135 -   early_responder: 316 (31.6%)
2026-01-17 20:02:59 - phq9_analysis.generation - [92mINFO[0m - generator.py:135 -   gradual_responder: 362 (36.2%)
2026-01-17 20:02:59 - phq9_analysis.generation - [92mINFO[0m - generator.py:135 -   late_responder: 132 (13.2%)
2026-01-17 20:02:59 - phq9_analysis.generation - [92mINFO[0m - generator.py:135 -   non_responder: 190 (19.0%)
2026-01-17 20:02:59 - phq9_analysis.generation - [92mINFO[0m - generator.py:137 - Initialized trajectories for 1000 patients
2026-01-17 20:02:59 - phq9_analysis.generation - [92mINFO[0m - generator.py:90 - Step 2/5: Generating missingness patterns
2026-01-17 20:02:59 - phq9_analysis.generation - [92mINFO[0m - generator.py:156 - Generated dropout patterns | Dropouts=222/1000 (22.2%)
2026-01-17 20:02:59 - phq9_analysis.generation - [92mINFO[0m - generator.py:93 - Step 3/5: Generating patient survey schedules
2026-01-17 20:02:59 - phq9_analysis.generation - [92mINFO[0m - generator.py:96 - Step 4/5: Consolidating observation days
2026-01-17 20:02:59 - phq9_analysis.generation - [92mINFO[0m - generator.py:216 - Total unique observation days: 365 (Range: 1–365)
2026-01-17 20:02:59 - phq9_analysis.generation - [92mINFO[0m - generator.py:99 - Step 5/5: Generating PHQ-9 scores
2026-01-17 20:02:59 - phq9_analysis.generation - [92mINFO[0m - generator.py:103 - Generation complete | Shape=(365, 1000) | Missingness=96.24%
2026-01-17 20:02:59 - phq9_analysis.generation - [92mINFO[0m - logging_util.py:149 - ================================================================================
2026-01-17 20:02:59 - phq9_analysis.generation - [92mINFO[0m - logging_util.py:150 -                            VALIDATING GENERATED DATA                            
2026-01-17 20:02:59 - phq9_analysis.generation - [92mINFO[0m - logging_util.py:151 - ================================================================================
2026-01-17 20:02:59 - phq9_analysis.generation - [92mINFO[0m - generator.py:344 - Validation PASSED
2026-01-17 20:02:59 - phq9_analysis.generation - [93mWARNING[0m - generator.py:350 - 12-week response rate 15.0% outside expected range (0.4, 0.7). STAR*D Level-1 ≈ 47%. Final response rate: 24.6%
2026-01-17 20:02:59 - phq9_analysis.generation - [93mWARNING[0m - generator.py:350 - Latent 12-week response rate 15.3% outside expected range [40%, 70%]. This suggests response suppression is NOT due to noise.
2026-01-17 20:02:59 - phq9_analysis.generation - [92mINFO[0m - generator.py:433 - 
Data saved to data/raw/synthetic_phq9_data_lognormal.csv
2026-01-17 20:02:59 - phq9_analysis.generation - [92mINFO[0m - generator.py:444 - 
Metadata saved to data/raw/synthetic_phq9_data_lognormal.metadata.json
2026-01-17 20:02:59 - phq9_analysis.generation - [92mINFO[0m - generator.py:472 - 
Validation report saved to results/generation/validation_reports/validation_report_20260117_200259.json
2026-01-17 20:02:59 - phq9_analysis.generation - [92mINFO[0m - generator.py:473 - 
Latest report: results/generation/validation_reports/validation_report.json
2026-01-17 20:02:59 - phq9_analysis.generation - [92mINFO[0m - run_generation.py:157 - ================================================================================
2026-01-17 20:02:59 - phq9_analysis.generation - [92mINFO[0m - run_generation.py:158 - GENERATION COMPLETE
2026-01-17 20:02:59 - phq9_analysis.generation - [92mINFO[0m - run_generation.py:159 - ================================================================================
2026-01-17 20:02:59 - phq9_analysis.generation - [92mINFO[0m - run_generation.py:160 - Dataset shape : (365, 1000)
2026-01-17 20:02:59 - phq9_analysis.generation - [92mINFO[0m - run_generation.py:161 - Data output   : data/raw/synthetic_phq9_data_lognormal.csv
2026-01-17 20:02:59 - phq9_analysis.generation - [92mINFO[0m - run_generation.py:162 - Metadata      : data/raw/synthetic_phq9_data_lognormal.metadata.json
2026-01-17 20:02:59 - phq9_analysis.generation - [92mINFO[0m - run_generation.py:163 - Validation    : results/generation/validation_reports/validation_report.json
2026-01-17 20:02:59 - phq9_analysis.generation - [92mINFO[0m - run_generation.py:172 - Data generation completed successfully
2026-01-17 20:02:59 - phq9_analysis.generation - [92mINFO[0m - run_generation.py:180 - End time: 2026-01-17 20:02:59
