2026-01-07 16:10:59 - phq9_analysis.generation - [92mINFO[0m - logging_util.py:113 - Logging to file: logs/generation/generation_20260107_161059.log
2026-01-07 16:10:59 - phq9_analysis.generation - [92mINFO[0m - generator.py:57 - Initialized PHQ9DataGenerator | N=1000, Days=365, AR(1)=0.70
2026-01-07 16:10:59 - phq9_analysis.generation - [92mINFO[0m - run_generation.py:100 - 
Generating data...
2026-01-07 16:10:59 - phq9_analysis.generation - [92mINFO[0m - logging_util.py:149 - ================================================================================
2026-01-07 16:10:59 - phq9_analysis.generation - [92mINFO[0m - logging_util.py:150 -                             STARTING DATA GENERATION                            
2026-01-07 16:10:59 - phq9_analysis.generation - [92mINFO[0m - logging_util.py:151 - ================================================================================
2026-01-07 16:10:59 - phq9_analysis.generation - [92mINFO[0m - generator.py:71 - Step 1/4: Initializing patient trajectories...
2026-01-07 16:10:59 - phq9_analysis.generation - [92mINFO[0m - generator.py:105 - Initialized 1000 patient trajectories
2026-01-07 16:10:59 - phq9_analysis.generation - [92mINFO[0m - generator.py:75 - Step 2/4: Generating missingness patterns...
2026-01-07 16:10:59 - phq9_analysis.generation - [92mINFO[0m - generator.py:130 - Generated missingness patterns | Dropouts: 167/1000
2026-01-07 16:10:59 - phq9_analysis.generation - [92mINFO[0m - generator.py:79 - Step 3/4: Selecting observation days...
2026-01-07 16:10:59 - phq9_analysis.generation - [92mINFO[0m - generator.py:163 - Selected 50 observation days (Days 1-363)
2026-01-07 16:10:59 - phq9_analysis.generation - [92mINFO[0m - generator.py:83 - Step 4/4: Generating PHQ-9 scores...
2026-01-07 16:11:00 - phq9_analysis.generation - [92mINFO[0m - generator.py:86 - Generation complete | Shape: (50, 1000) | Sparsity: 12.42%
2026-01-07 16:11:00 - phq9_analysis.generation - [92mINFO[0m - logging_util.py:149 - ================================================================================
2026-01-07 16:11:00 - phq9_analysis.generation - [92mINFO[0m - logging_util.py:150 -                            VALIDATING GENERATED DATA                            
2026-01-07 16:11:00 - phq9_analysis.generation - [92mINFO[0m - logging_util.py:151 - ================================================================================
2026-01-07 16:11:00 - phq9_analysis.generation - [92mINFO[0m - generator.py:235 - Validation PASSED
2026-01-07 16:11:00 - phq9_analysis.generation - [93mWARNING[0m - generator.py:242 - Response rate 75.2% outside expected range (0.4, 0.7). Literature: STAR*D Level 1 ~47%
2026-01-07 16:11:00 - phq9_analysis.generation - [92mINFO[0m - generator.py:298 - Data saved to: data/raw/synthetic_phq9_data.csv
2026-01-07 16:11:00 - phq9_analysis.generation - [92mINFO[0m - generator.py:313 - Validation report saved to: results/generation/validation_reports/validation_report.json
2026-01-07 16:11:00 - phq9_analysis.generation - [92mINFO[0m - run_generation.py:104 - 
================================================================================
2026-01-07 16:11:00 - phq9_analysis.generation - [92mINFO[0m - run_generation.py:105 - GENERATION COMPLETE
2026-01-07 16:11:00 - phq9_analysis.generation - [92mINFO[0m - run_generation.py:106 - ================================================================================
2026-01-07 16:11:00 - phq9_analysis.generation - [92mINFO[0m - run_generation.py:107 - 
Dataset shape: (50, 1000)
2026-01-07 16:11:00 - phq9_analysis.generation - [92mINFO[0m - run_generation.py:108 - Output: data/raw/synthetic_phq9_data.csv
2026-01-07 16:11:00 - phq9_analysis.generation - [92mINFO[0m - run_generation.py:109 - Validation: results/generation/validation_reports/validation_report.json
2026-01-07 16:11:00 - phq9_analysis.generation - [92mINFO[0m - run_generation.py:118 - 
Data generation completed successfully!
2026-01-07 16:11:00 - phq9_analysis.generation - [92mINFO[0m - run_generation.py:126 - 
End time: 2026-01-07 16:11:00
