2026-01-09 12:37:41 - phq9_analysis.generation - [92mINFO[0m - logging_util.py:113 - Logging to file: logs/generation/generation_20260109_123741.log
2026-01-09 12:37:41 - phq9_analysis.generation - [92mINFO[0m - generator.py:61 - Initialized PHQ9DataGenerator | Patients=1000, Study Days=365, AR(1)=0.70
2026-01-09 12:37:41 - phq9_analysis.generation - [92mINFO[0m - run_generation.py:107 - Starting data generation pipeline...
2026-01-09 12:37:41 - phq9_analysis.generation - [92mINFO[0m - logging_util.py:149 - ================================================================================
2026-01-09 12:37:41 - phq9_analysis.generation - [92mINFO[0m - logging_util.py:150 -                             STARTING DATA GENERATION                            
2026-01-09 12:37:41 - phq9_analysis.generation - [92mINFO[0m - logging_util.py:151 - ================================================================================
2026-01-09 12:37:41 - phq9_analysis.generation - [92mINFO[0m - generator.py:75 - Step 1/5: Initializing patient trajectories
2026-01-09 12:37:41 - phq9_analysis.generation - [92mINFO[0m - generator.py:110 - Initialized trajectories for 1000 patients
2026-01-09 12:37:41 - phq9_analysis.generation - [92mINFO[0m - generator.py:78 - Step 2/5: Generating missingness patterns
2026-01-09 12:37:41 - phq9_analysis.generation - [92mINFO[0m - generator.py:131 - Generated dropout patterns | Dropouts=164/1000
2026-01-09 12:37:41 - phq9_analysis.generation - [92mINFO[0m - generator.py:81 - Step 3/5: Generating patient survey schedules
2026-01-09 12:37:41 - phq9_analysis.generation - [92mINFO[0m - generator.py:84 - Step 4/5: Consolidating observation days
2026-01-09 12:37:41 - phq9_analysis.generation - [92mINFO[0m - generator.py:184 - Total unique observation days: 365 (Range: 1–365)
2026-01-09 12:37:41 - phq9_analysis.generation - [92mINFO[0m - generator.py:87 - Step 5/5: Generating PHQ-9 scores
2026-01-09 12:37:41 - phq9_analysis.generation - [92mINFO[0m - generator.py:91 - Generation complete | Shape=(365, 1000) | Missingness=98.74%
2026-01-09 12:37:41 - phq9_analysis.generation - [92mINFO[0m - logging_util.py:149 - ================================================================================
2026-01-09 12:37:41 - phq9_analysis.generation - [92mINFO[0m - logging_util.py:150 -                            VALIDATING GENERATED DATA                            
2026-01-09 12:37:41 - phq9_analysis.generation - [92mINFO[0m - logging_util.py:151 - ================================================================================
2026-01-09 12:37:41 - phq9_analysis.generation - [93mWARNING[0m - generator.py:239 - Validation completed with warnings/errors
2026-01-09 12:37:41 - phq9_analysis.generation - [93mWARNING[0m - generator.py:242 - Gap-aware autocorrelation 0.154 outside expected range (0.6, 0.85). Literature: Kroenke et al. (2001) test-retest r=0.84. Note: Sparse sampling may reduce observed correlation.
2026-01-09 12:37:41 - phq9_analysis.generation - [93mWARNING[0m - generator.py:242 - Median temporal gap between observations is 38.0 days. Large gaps reduce autocorrelation estimation reliability.
2026-01-09 12:37:41 - phq9_analysis.generation - [93mWARNING[0m - generator.py:242 - Baseline mean 12.63 outside expected range (14.0, 18.0). Typical RCT enrollment: PHQ-9 15–17.
2026-01-09 12:37:41 - phq9_analysis.generation - [93mWARNING[0m - generator.py:242 - Missingness rate 98.7% outside typical depression trial range (10–40%).
2026-01-09 12:37:41 - phq9_analysis.generation - [92mINFO[0m - generator.py:279 - Data saved to data/raw/synthetic_phq9_data.csv
2026-01-09 12:37:41 - phq9_analysis.generation - [92mINFO[0m - generator.py:292 - Validation report saved to results/generation/validation_reports/validation_report.json
2026-01-09 12:37:41 - phq9_analysis.generation - [92mINFO[0m - run_generation.py:111 - ================================================================================
2026-01-09 12:37:41 - phq9_analysis.generation - [92mINFO[0m - run_generation.py:112 - GENERATION COMPLETE
2026-01-09 12:37:41 - phq9_analysis.generation - [92mINFO[0m - run_generation.py:113 - ================================================================================
2026-01-09 12:37:41 - phq9_analysis.generation - [92mINFO[0m - run_generation.py:114 - Dataset shape : (365, 1000)
2026-01-09 12:37:41 - phq9_analysis.generation - [92mINFO[0m - run_generation.py:115 - Data output   : data/raw/synthetic_phq9_data.csv
2026-01-09 12:37:41 - phq9_analysis.generation - [92mINFO[0m - run_generation.py:116 - Validation    : results/generation/validation_reports/validation_report.json
2026-01-09 12:37:41 - phq9_analysis.generation - [93mWARNING[0m - run_generation.py:122 - Data generated with warnings. Review validation report.
2026-01-09 12:37:41 - phq9_analysis.generation - [92mINFO[0m - run_generation.py:133 - End time: 2026-01-09 12:37:41
