2026-01-17 20:06:41 - phq9_analysis.eda - [92mINFO[0m - logging_util.py:113 - Logging to file: logs/eda/eda_20260117_200641.log
2026-01-17 20:06:41 - phq9_analysis.eda - [92mINFO[0m - analyzer.py:66 - Initialized PHQ9DataAnalyzer
2026-01-17 20:06:41 - phq9_analysis.eda - [92mINFO[0m - run_eda.py:79 - 
Loading data...
2026-01-17 20:06:41 - phq9_analysis.eda - [92mINFO[0m - logging_util.py:149 - ================================================================================
2026-01-17 20:06:41 - phq9_analysis.eda - [92mINFO[0m - logging_util.py:150 -                                   LOADING DATA                                  
2026-01-17 20:06:41 - phq9_analysis.eda - [92mINFO[0m - logging_util.py:151 - ================================================================================
2026-01-17 20:06:41 - phq9_analysis.eda - [92mINFO[0m - logging_util.py:189 - 
PHQ-9 Data Information:
2026-01-17 20:06:41 - phq9_analysis.eda - [92mINFO[0m - logging_util.py:190 -   Shape: (365, 1000)
2026-01-17 20:06:41 - phq9_analysis.eda - [92mINFO[0m - logging_util.py:191 -   Columns: ['Patient_1', 'Patient_2', 'Patient_3', 'Patient_4', 'Patient_5', 'Patient_6', 'Patient_7', 'Patient_8', 'Patient_9', 'Patient_10', 'Patient_11', 'Patient_12', 'Patient_13', 'Patient_14', 'Patient_15', 'Patient_16', 'Patient_17', 'Patient_18', 'Patient_19', 'Patient_20', 'Patient_21', 'Patient_22', 'Patient_23', 'Patient_24', 'Patient_25', 'Patient_26', 'Patient_27', 'Patient_28', 'Patient_29', 'Patient_30', 'Patient_31', 'Patient_32', 'Patient_33', 'Patient_34', 'Patient_35', 'Patient_36', 'Patient_37', 'Patient_38', 'Patient_39', 'Patient_40', 'Patient_41', 'Patient_42', 'Patient_43', 'Patient_44', 'Patient_45', 'Patient_46', 'Patient_47', 'Patient_48', 'Patient_49', 'Patient_50', 'Patient_51', 'Patient_52', 'Patient_53', 'Patient_54', 'Patient_55', 'Patient_56', 'Patient_57', 'Patient_58', 'Patient_59', 'Patient_60', 'Patient_61', 'Patient_62', 'Patient_63', 'Patient_64', 'Patient_65', 'Patient_66', 'Patient_67', 'Patient_68', 'Patient_69', 'Patient_70', 'Patient_71', 'Patient_72', 'Patient_73', 'Patient_74', 'Patient_75', 'Patient_76', 'Patient_77', 'Patient_78', 'Patient_79', 'Patient_80', 'Patient_81', 'Patient_82', 'Patient_83', 'Patient_84', 'Patient_85', 'Patient_86', 'Patient_87', 'Patient_88', 'Patient_89', 'Patient_90', 'Patient_91', 'Patient_92', 'Patient_93', 'Patient_94', 'Patient_95', 'Patient_96', 'Patient_97', 'Patient_98', 'Patient_99', 'Patient_100', 'Patient_101', 'Patient_102', 'Patient_103', 'Patient_104', 'Patient_105', 'Patient_106', 'Patient_107', 'Patient_108', 'Patient_109', 'Patient_110', 'Patient_111', 'Patient_112', 'Patient_113', 'Patient_114', 'Patient_115', 'Patient_116', 'Patient_117', 'Patient_118', 'Patient_119', 'Patient_120', 'Patient_121', 'Patient_122', 'Patient_123', 'Patient_124', 'Patient_125', 'Patient_126', 'Patient_127', 'Patient_128', 'Patient_129', 'Patient_130', 'Patient_131', 'Patient_132', 'Patient_133', 'Patient_134', 'Patient_135', 'Patient_136', 'Patient_137', 'Patient_138', 'Patient_139', 'Patient_140', 'Patient_141', 'Patient_142', 'Patient_143', 'Patient_144', 'Patient_145', 'Patient_146', 'Patient_147', 'Patient_148', 'Patient_149', 'Patient_150', 'Patient_151', 'Patient_152', 'Patient_153', 'Patient_154', 'Patient_155', 'Patient_156', 'Patient_157', 'Patient_158', 'Patient_159', 'Patient_160', 'Patient_161', 'Patient_162', 'Patient_163', 'Patient_164', 'Patient_165', 'Patient_166', 'Patient_167', 'Patient_168', 'Patient_169', 'Patient_170', 'Patient_171', 'Patient_172', 'Patient_173', 'Patient_174', 'Patient_175', 'Patient_176', 'Patient_177', 'Patient_178', 'Patient_179', 'Patient_180', 'Patient_181', 'Patient_182', 'Patient_183', 'Patient_184', 'Patient_185', 'Patient_186', 'Patient_187', 'Patient_188', 'Patient_189', 'Patient_190', 'Patient_191', 'Patient_192', 'Patient_193', 'Patient_194', 'Patient_195', 'Patient_196', 'Patient_197', 'Patient_198', 'Patient_199', 'Patient_200', 'Patient_201', 'Patient_202', 'Patient_203', 'Patient_204', 'Patient_205', 'Patient_206', 'Patient_207', 'Patient_208', 'Patient_209', 'Patient_210', 'Patient_211', 'Patient_212', 'Patient_213', 'Patient_214', 'Patient_215', 'Patient_216', 'Patient_217', 'Patient_218', 'Patient_219', 'Patient_220', 'Patient_221', 'Patient_222', 'Patient_223', 'Patient_224', 'Patient_225', 'Patient_226', 'Patient_227', 'Patient_228', 'Patient_229', 'Patient_230', 'Patient_231', 'Patient_232', 'Patient_233', 'Patient_234', 'Patient_235', 'Patient_236', 'Patient_237', 'Patient_238', 'Patient_239', 'Patient_240', 'Patient_241', 'Patient_242', 'Patient_243', 'Patient_244', 'Patient_245', 'Patient_246', 'Patient_247', 'Patient_248', 'Patient_249', 'Patient_250', 'Patient_251', 'Patient_252', 'Patient_253', 'Patient_254', 'Patient_255', 'Patient_256', 'Patient_257', 'Patient_258', 'Patient_259', 'Patient_260', 'Patient_261', 'Patient_262', 'Patient_263', 'Patient_264', 'Patient_265', 'Patient_266', 'Patient_267', 'Patient_268', 'Patient_269', 'Patient_270', 'Patient_271', 'Patient_272', 'Patient_273', 'Patient_274', 'Patient_275', 'Patient_276', 'Patient_277', 'Patient_278', 'Patient_279', 'Patient_280', 'Patient_281', 'Patient_282', 'Patient_283', 'Patient_284', 'Patient_285', 'Patient_286', 'Patient_287', 'Patient_288', 'Patient_289', 'Patient_290', 'Patient_291', 'Patient_292', 'Patient_293', 'Patient_294', 'Patient_295', 'Patient_296', 'Patient_297', 'Patient_298', 'Patient_299', 'Patient_300', 'Patient_301', 'Patient_302', 'Patient_303', 'Patient_304', 'Patient_305', 'Patient_306', 'Patient_307', 'Patient_308', 'Patient_309', 'Patient_310', 'Patient_311', 'Patient_312', 'Patient_313', 'Patient_314', 'Patient_315', 'Patient_316', 'Patient_317', 'Patient_318', 'Patient_319', 'Patient_320', 'Patient_321', 'Patient_322', 'Patient_323', 'Patient_324', 'Patient_325', 'Patient_326', 'Patient_327', 'Patient_328', 'Patient_329', 'Patient_330', 'Patient_331', 'Patient_332', 'Patient_333', 'Patient_334', 'Patient_335', 'Patient_336', 'Patient_337', 'Patient_338', 'Patient_339', 'Patient_340', 'Patient_341', 'Patient_342', 'Patient_343', 'Patient_344', 'Patient_345', 'Patient_346', 'Patient_347', 'Patient_348', 'Patient_349', 'Patient_350', 'Patient_351', 'Patient_352', 'Patient_353', 'Patient_354', 'Patient_355', 'Patient_356', 'Patient_357', 'Patient_358', 'Patient_359', 'Patient_360', 'Patient_361', 'Patient_362', 'Patient_363', 'Patient_364', 'Patient_365', 'Patient_366', 'Patient_367', 'Patient_368', 'Patient_369', 'Patient_370', 'Patient_371', 'Patient_372', 'Patient_373', 'Patient_374', 'Patient_375', 'Patient_376', 'Patient_377', 'Patient_378', 'Patient_379', 'Patient_380', 'Patient_381', 'Patient_382', 'Patient_383', 'Patient_384', 'Patient_385', 'Patient_386', 'Patient_387', 'Patient_388', 'Patient_389', 'Patient_390', 'Patient_391', 'Patient_392', 'Patient_393', 'Patient_394', 'Patient_395', 'Patient_396', 'Patient_397', 'Patient_398', 'Patient_399', 'Patient_400', 'Patient_401', 'Patient_402', 'Patient_403', 'Patient_404', 'Patient_405', 'Patient_406', 'Patient_407', 'Patient_408', 'Patient_409', 'Patient_410', 'Patient_411', 'Patient_412', 'Patient_413', 'Patient_414', 'Patient_415', 'Patient_416', 'Patient_417', 'Patient_418', 'Patient_419', 'Patient_420', 'Patient_421', 'Patient_422', 'Patient_423', 'Patient_424', 'Patient_425', 'Patient_426', 'Patient_427', 'Patient_428', 'Patient_429', 'Patient_430', 'Patient_431', 'Patient_432', 'Patient_433', 'Patient_434', 'Patient_435', 'Patient_436', 'Patient_437', 'Patient_438', 'Patient_439', 'Patient_440', 'Patient_441', 'Patient_442', 'Patient_443', 'Patient_444', 'Patient_445', 'Patient_446', 'Patient_447', 'Patient_448', 'Patient_449', 'Patient_450', 'Patient_451', 'Patient_452', 'Patient_453', 'Patient_454', 'Patient_455', 'Patient_456', 'Patient_457', 'Patient_458', 'Patient_459', 'Patient_460', 'Patient_461', 'Patient_462', 'Patient_463', 'Patient_464', 'Patient_465', 'Patient_466', 'Patient_467', 'Patient_468', 'Patient_469', 'Patient_470', 'Patient_471', 'Patient_472', 'Patient_473', 'Patient_474', 'Patient_475', 'Patient_476', 'Patient_477', 'Patient_478', 'Patient_479', 'Patient_480', 'Patient_481', 'Patient_482', 'Patient_483', 'Patient_484', 'Patient_485', 'Patient_486', 'Patient_487', 'Patient_488', 'Patient_489', 'Patient_490', 'Patient_491', 'Patient_492', 'Patient_493', 'Patient_494', 'Patient_495', 'Patient_496', 'Patient_497', 'Patient_498', 'Patient_499', 'Patient_500', 'Patient_501', 'Patient_502', 'Patient_503', 'Patient_504', 'Patient_505', 'Patient_506', 'Patient_507', 'Patient_508', 'Patient_509', 'Patient_510', 'Patient_511', 'Patient_512', 'Patient_513', 'Patient_514', 'Patient_515', 'Patient_516', 'Patient_517', 'Patient_518', 'Patient_519', 'Patient_520', 'Patient_521', 'Patient_522', 'Patient_523', 'Patient_524', 'Patient_525', 'Patient_526', 'Patient_527', 'Patient_528', 'Patient_529', 'Patient_530', 'Patient_531', 'Patient_532', 'Patient_533', 'Patient_534', 'Patient_535', 'Patient_536', 'Patient_537', 'Patient_538', 'Patient_539', 'Patient_540', 'Patient_541', 'Patient_542', 'Patient_543', 'Patient_544', 'Patient_545', 'Patient_546', 'Patient_547', 'Patient_548', 'Patient_549', 'Patient_550', 'Patient_551', 'Patient_552', 'Patient_553', 'Patient_554', 'Patient_555', 'Patient_556', 'Patient_557', 'Patient_558', 'Patient_559', 'Patient_560', 'Patient_561', 'Patient_562', 'Patient_563', 'Patient_564', 'Patient_565', 'Patient_566', 'Patient_567', 'Patient_568', 'Patient_569', 'Patient_570', 'Patient_571', 'Patient_572', 'Patient_573', 'Patient_574', 'Patient_575', 'Patient_576', 'Patient_577', 'Patient_578', 'Patient_579', 'Patient_580', 'Patient_581', 'Patient_582', 'Patient_583', 'Patient_584', 'Patient_585', 'Patient_586', 'Patient_587', 'Patient_588', 'Patient_589', 'Patient_590', 'Patient_591', 'Patient_592', 'Patient_593', 'Patient_594', 'Patient_595', 'Patient_596', 'Patient_597', 'Patient_598', 'Patient_599', 'Patient_600', 'Patient_601', 'Patient_602', 'Patient_603', 'Patient_604', 'Patient_605', 'Patient_606', 'Patient_607', 'Patient_608', 'Patient_609', 'Patient_610', 'Patient_611', 'Patient_612', 'Patient_613', 'Patient_614', 'Patient_615', 'Patient_616', 'Patient_617', 'Patient_618', 'Patient_619', 'Patient_620', 'Patient_621', 'Patient_622', 'Patient_623', 'Patient_624', 'Patient_625', 'Patient_626', 'Patient_627', 'Patient_628', 'Patient_629', 'Patient_630', 'Patient_631', 'Patient_632', 'Patient_633', 'Patient_634', 'Patient_635', 'Patient_636', 'Patient_637', 'Patient_638', 'Patient_639', 'Patient_640', 'Patient_641', 'Patient_642', 'Patient_643', 'Patient_644', 'Patient_645', 'Patient_646', 'Patient_647', 'Patient_648', 'Patient_649', 'Patient_650', 'Patient_651', 'Patient_652', 'Patient_653', 'Patient_654', 'Patient_655', 'Patient_656', 'Patient_657', 'Patient_658', 'Patient_659', 'Patient_660', 'Patient_661', 'Patient_662', 'Patient_663', 'Patient_664', 'Patient_665', 'Patient_666', 'Patient_667', 'Patient_668', 'Patient_669', 'Patient_670', 'Patient_671', 'Patient_672', 'Patient_673', 'Patient_674', 'Patient_675', 'Patient_676', 'Patient_677', 'Patient_678', 'Patient_679', 'Patient_680', 'Patient_681', 'Patient_682', 'Patient_683', 'Patient_684', 'Patient_685', 'Patient_686', 'Patient_687', 'Patient_688', 'Patient_689', 'Patient_690', 'Patient_691', 'Patient_692', 'Patient_693', 'Patient_694', 'Patient_695', 'Patient_696', 'Patient_697', 'Patient_698', 'Patient_699', 'Patient_700', 'Patient_701', 'Patient_702', 'Patient_703', 'Patient_704', 'Patient_705', 'Patient_706', 'Patient_707', 'Patient_708', 'Patient_709', 'Patient_710', 'Patient_711', 'Patient_712', 'Patient_713', 'Patient_714', 'Patient_715', 'Patient_716', 'Patient_717', 'Patient_718', 'Patient_719', 'Patient_720', 'Patient_721', 'Patient_722', 'Patient_723', 'Patient_724', 'Patient_725', 'Patient_726', 'Patient_727', 'Patient_728', 'Patient_729', 'Patient_730', 'Patient_731', 'Patient_732', 'Patient_733', 'Patient_734', 'Patient_735', 'Patient_736', 'Patient_737', 'Patient_738', 'Patient_739', 'Patient_740', 'Patient_741', 'Patient_742', 'Patient_743', 'Patient_744', 'Patient_745', 'Patient_746', 'Patient_747', 'Patient_748', 'Patient_749', 'Patient_750', 'Patient_751', 'Patient_752', 'Patient_753', 'Patient_754', 'Patient_755', 'Patient_756', 'Patient_757', 'Patient_758', 'Patient_759', 'Patient_760', 'Patient_761', 'Patient_762', 'Patient_763', 'Patient_764', 'Patient_765', 'Patient_766', 'Patient_767', 'Patient_768', 'Patient_769', 'Patient_770', 'Patient_771', 'Patient_772', 'Patient_773', 'Patient_774', 'Patient_775', 'Patient_776', 'Patient_777', 'Patient_778', 'Patient_779', 'Patient_780', 'Patient_781', 'Patient_782', 'Patient_783', 'Patient_784', 'Patient_785', 'Patient_786', 'Patient_787', 'Patient_788', 'Patient_789', 'Patient_790', 'Patient_791', 'Patient_792', 'Patient_793', 'Patient_794', 'Patient_795', 'Patient_796', 'Patient_797', 'Patient_798', 'Patient_799', 'Patient_800', 'Patient_801', 'Patient_802', 'Patient_803', 'Patient_804', 'Patient_805', 'Patient_806', 'Patient_807', 'Patient_808', 'Patient_809', 'Patient_810', 'Patient_811', 'Patient_812', 'Patient_813', 'Patient_814', 'Patient_815', 'Patient_816', 'Patient_817', 'Patient_818', 'Patient_819', 'Patient_820', 'Patient_821', 'Patient_822', 'Patient_823', 'Patient_824', 'Patient_825', 'Patient_826', 'Patient_827', 'Patient_828', 'Patient_829', 'Patient_830', 'Patient_831', 'Patient_832', 'Patient_833', 'Patient_834', 'Patient_835', 'Patient_836', 'Patient_837', 'Patient_838', 'Patient_839', 'Patient_840', 'Patient_841', 'Patient_842', 'Patient_843', 'Patient_844', 'Patient_845', 'Patient_846', 'Patient_847', 'Patient_848', 'Patient_849', 'Patient_850', 'Patient_851', 'Patient_852', 'Patient_853', 'Patient_854', 'Patient_855', 'Patient_856', 'Patient_857', 'Patient_858', 'Patient_859', 'Patient_860', 'Patient_861', 'Patient_862', 'Patient_863', 'Patient_864', 'Patient_865', 'Patient_866', 'Patient_867', 'Patient_868', 'Patient_869', 'Patient_870', 'Patient_871', 'Patient_872', 'Patient_873', 'Patient_874', 'Patient_875', 'Patient_876', 'Patient_877', 'Patient_878', 'Patient_879', 'Patient_880', 'Patient_881', 'Patient_882', 'Patient_883', 'Patient_884', 'Patient_885', 'Patient_886', 'Patient_887', 'Patient_888', 'Patient_889', 'Patient_890', 'Patient_891', 'Patient_892', 'Patient_893', 'Patient_894', 'Patient_895', 'Patient_896', 'Patient_897', 'Patient_898', 'Patient_899', 'Patient_900', 'Patient_901', 'Patient_902', 'Patient_903', 'Patient_904', 'Patient_905', 'Patient_906', 'Patient_907', 'Patient_908', 'Patient_909', 'Patient_910', 'Patient_911', 'Patient_912', 'Patient_913', 'Patient_914', 'Patient_915', 'Patient_916', 'Patient_917', 'Patient_918', 'Patient_919', 'Patient_920', 'Patient_921', 'Patient_922', 'Patient_923', 'Patient_924', 'Patient_925', 'Patient_926', 'Patient_927', 'Patient_928', 'Patient_929', 'Patient_930', 'Patient_931', 'Patient_932', 'Patient_933', 'Patient_934', 'Patient_935', 'Patient_936', 'Patient_937', 'Patient_938', 'Patient_939', 'Patient_940', 'Patient_941', 'Patient_942', 'Patient_943', 'Patient_944', 'Patient_945', 'Patient_946', 'Patient_947', 'Patient_948', 'Patient_949', 'Patient_950', 'Patient_951', 'Patient_952', 'Patient_953', 'Patient_954', 'Patient_955', 'Patient_956', 'Patient_957', 'Patient_958', 'Patient_959', 'Patient_960', 'Patient_961', 'Patient_962', 'Patient_963', 'Patient_964', 'Patient_965', 'Patient_966', 'Patient_967', 'Patient_968', 'Patient_969', 'Patient_970', 'Patient_971', 'Patient_972', 'Patient_973', 'Patient_974', 'Patient_975', 'Patient_976', 'Patient_977', 'Patient_978', 'Patient_979', 'Patient_980', 'Patient_981', 'Patient_982', 'Patient_983', 'Patient_984', 'Patient_985', 'Patient_986', 'Patient_987', 'Patient_988', 'Patient_989', 'Patient_990', 'Patient_991', 'Patient_992', 'Patient_993', 'Patient_994', 'Patient_995', 'Patient_996', 'Patient_997', 'Patient_998', 'Patient_999', 'Patient_1000']
2026-01-17 20:06:41 - phq9_analysis.eda - [92mINFO[0m - logging_util.py:192 -   Missing values: 351289
2026-01-17 20:06:41 - phq9_analysis.eda - [92mINFO[0m - logging_util.py:193 -   Memory usage: 2.81 MB
2026-01-17 20:06:41 - phq9_analysis.eda - [92mINFO[0m - metadata_loader.py:48 - Loaded metadata from data/raw/synthetic_phq9_data_lognormal.metadata.json
2026-01-17 20:06:41 - phq9_analysis.eda - [92mINFO[0m - metadata_loader.py:69 - Metadata Summary:
2026-01-17 20:06:41 - phq9_analysis.eda - [92mINFO[0m - metadata_loader.py:70 -   Generation timestamp : 2026-01-17T20:02:59.296519
2026-01-17 20:06:41 - phq9_analysis.eda - [92mINFO[0m - metadata_loader.py:71 -   Random seed          : 2023
2026-01-17 20:06:41 - phq9_analysis.eda - [92mINFO[0m - metadata_loader.py:72 -   Config hash          : a67d8d28ea5b7d45
2026-01-17 20:06:41 - phq9_analysis.eda - [92mINFO[0m - metadata_loader.py:76 -   Patients             : 1000
2026-01-17 20:06:41 - phq9_analysis.eda - [92mINFO[0m - metadata_loader.py:77 -   Study days           : 365
2026-01-17 20:06:41 - phq9_analysis.eda - [92mINFO[0m - metadata_loader.py:81 -   Relapse distribution : lognormal
2026-01-17 20:06:41 - phq9_analysis.eda - [92mINFO[0m - metadata_loader.py:85 -   Response patterns    : True
2026-01-17 20:06:41 - phq9_analysis.eda - [92mINFO[0m - metadata_loader.py:86 -   Plateau logic        : True
2026-01-17 20:06:41 - phq9_analysis.eda - [92mINFO[0m - metadata_loader.py:90 -   Response pattern distribution:
2026-01-17 20:06:41 - phq9_analysis.eda - [92mINFO[0m - metadata_loader.py:92 -     non_responder: 190
2026-01-17 20:06:41 - phq9_analysis.eda - [92mINFO[0m - metadata_loader.py:92 -     gradual_responder: 362
2026-01-17 20:06:41 - phq9_analysis.eda - [92mINFO[0m - metadata_loader.py:92 -     early_responder: 316
2026-01-17 20:06:41 - phq9_analysis.eda - [92mINFO[0m - metadata_loader.py:92 -     late_responder: 132
2026-01-17 20:06:41 - phq9_analysis.eda - [92mINFO[0m - analyzer.py:125 - ✅ Data validation passed
2026-01-17 20:06:41 - phq9_analysis.eda - [92mINFO[0m - run_eda.py:102 - 
Running full analysis...
2026-01-17 20:06:41 - phq9_analysis.eda - [92mINFO[0m - logging_util.py:149 - ================================================================================
2026-01-17 20:06:41 - phq9_analysis.eda - [92mINFO[0m - logging_util.py:150 -                            RUNNING FULL EDA ANALYSIS                            
2026-01-17 20:06:41 - phq9_analysis.eda - [92mINFO[0m - logging_util.py:151 - ================================================================================
2026-01-17 20:06:41 - phq9_analysis.eda - [92mINFO[0m - logging_util.py:149 - ================================================================================
2026-01-17 20:06:41 - phq9_analysis.eda - [92mINFO[0m - logging_util.py:150 -                          CALCULATING SUMMARY STATISTICS                         
2026-01-17 20:06:41 - phq9_analysis.eda - [92mINFO[0m - logging_util.py:151 - ================================================================================
2026-01-17 20:06:42 - phq9_analysis.eda - [92mINFO[0m - analyzer.py:157 - Summary statistics calculated for 365 days
2026-01-17 20:06:42 - phq9_analysis.eda - [92mINFO[0m - logging_util.py:149 - ================================================================================
2026-01-17 20:06:42 - phq9_analysis.eda - [92mINFO[0m - logging_util.py:150 -                             FINDING OPTIMAL CLUSTERS                            
2026-01-17 20:06:42 - phq9_analysis.eda - [92mINFO[0m - logging_util.py:151 - ================================================================================
2026-01-17 20:06:42 - phq9_analysis.eda - [92mINFO[0m - analyzer.py:185 - Running elbow method...
2026-01-17 20:06:43 - phq9_analysis.eda - [92mINFO[0m - analyzer.py:188 -   Elbow method suggests: 6 clusters
2026-01-17 20:06:43 - phq9_analysis.eda - [92mINFO[0m - analyzer.py:191 - Running silhouette analysis...
2026-01-17 20:06:45 - phq9_analysis.eda - [92mINFO[0m - analyzer.py:194 -   Silhouette method suggests: 2 clusters
2026-01-17 20:06:46 - phq9_analysis.eda - [92mINFO[0m - analyzer.py:207 - Optimization plot saved: results/eda/clustering/cluster_optimization.png
2026-01-17 20:06:46 - phq9_analysis.eda - [92mINFO[0m - analyzer.py:486 - 
Using K=2 for final clustering
2026-01-17 20:06:46 - phq9_analysis.eda - [92mINFO[0m - logging_util.py:149 - ================================================================================
2026-01-17 20:06:46 - phq9_analysis.eda - [92mINFO[0m - logging_util.py:150 -                                FITTING 2 CLUSTERS                               
2026-01-17 20:06:46 - phq9_analysis.eda - [92mINFO[0m - logging_util.py:151 - ================================================================================
2026-01-17 20:06:46 - phq9_analysis.eda - [92mINFO[0m - analyzer.py:249 - Using standard KMeans clustering...
2026-01-17 20:06:46 - phq9_analysis.eda - [92mINFO[0m - analyzer.py:254 -   Inertia: 13312.86
2026-01-17 20:06:46 - phq9_analysis.eda - [92mINFO[0m - analyzer.py:255 -   Silhouette: 0.641
2026-01-17 20:06:46 - phq9_analysis.eda - [92mINFO[0m - analyzer.py:259 -   Clustering quality: good
2026-01-17 20:06:46 - phq9_analysis.eda - [92mINFO[0m - analyzer.py:264 - Cluster sizes:
2026-01-17 20:06:46 - phq9_analysis.eda - [92mINFO[0m - analyzer.py:267 -   Cluster 0: 112 days
2026-01-17 20:06:46 - phq9_analysis.eda - [92mINFO[0m - analyzer.py:267 -   Cluster 1: 253 days
2026-01-17 20:06:46 - phq9_analysis.eda - [92mINFO[0m - logging_util.py:149 - ================================================================================
2026-01-17 20:06:46 - phq9_analysis.eda - [92mINFO[0m - logging_util.py:150 -                        ANALYZING CLUSTER CHARACTERISTICS                        
2026-01-17 20:06:46 - phq9_analysis.eda - [92mINFO[0m - logging_util.py:151 - ================================================================================
2026-01-17 20:06:46 - phq9_analysis.eda - [92mINFO[0m - analyzer.py:309 - Cluster 0: 112 days | avg=12.77 | Mild
2026-01-17 20:06:46 - phq9_analysis.eda - [92mINFO[0m - analyzer.py:309 - Cluster 1: 253 days | avg=10.05 | Mild
2026-01-17 20:06:46 - phq9_analysis.eda - [92mINFO[0m - logging_util.py:149 - ================================================================================
2026-01-17 20:06:46 - phq9_analysis.eda - [92mINFO[0m - logging_util.py:150 -                           ANALYZING RESPONSE PATTERNS                           
2026-01-17 20:06:46 - phq9_analysis.eda - [92mINFO[0m - logging_util.py:151 - ================================================================================
2026-01-17 20:06:46 - phq9_analysis.eda - [92mINFO[0m - analyzer.py:353 - Response pattern distribution:
2026-01-17 20:06:46 - phq9_analysis.eda - [92mINFO[0m - analyzer.py:356 -   non_responder: 729 (72.9%)
2026-01-17 20:06:46 - phq9_analysis.eda - [92mINFO[0m - analyzer.py:356 -   late_responder: 194 (19.4%)
2026-01-17 20:06:46 - phq9_analysis.eda - [92mINFO[0m - analyzer.py:356 -   gradual_responder: 51 (5.1%)
2026-01-17 20:06:46 - phq9_analysis.eda - [92mINFO[0m - analyzer.py:356 -   early_responder: 26 (2.6%)
2026-01-17 20:06:46 - phq9_analysis.eda - [92mINFO[0m - analyzer.py:360 - 
Comparing to metadata expectations...
2026-01-17 20:06:46 - phq9_analysis.eda - [92mINFO[0m - logging_util.py:149 - ================================================================================
2026-01-17 20:06:46 - phq9_analysis.eda - [92mINFO[0m - logging_util.py:150 -                             DETECTING RELAPSE EVENTS                            
2026-01-17 20:06:46 - phq9_analysis.eda - [92mINFO[0m - logging_util.py:151 - ================================================================================
2026-01-17 20:06:46 - phq9_analysis.eda - [92mINFO[0m - analyzer.py:390 - Total relapses detected: 580
2026-01-17 20:06:46 - phq9_analysis.eda - [92mINFO[0m - analyzer.py:391 - Patients with relapses: 412 (41.2%)
2026-01-17 20:06:46 - phq9_analysis.eda - [92mINFO[0m - analyzer.py:392 - Mean relapses per patient: 0.58
2026-01-17 20:06:46 - phq9_analysis.eda - [92mINFO[0m - logging_util.py:149 - ================================================================================
2026-01-17 20:06:46 - phq9_analysis.eda - [92mINFO[0m - logging_util.py:150 -                            GENERATING VISUALIZATIONS                            
2026-01-17 20:06:46 - phq9_analysis.eda - [92mINFO[0m - logging_util.py:151 - ================================================================================
2026-01-17 20:06:46 - phq9_analysis.eda - [92mINFO[0m - analyzer.py:420 - Creating scatter plot...
2026-01-17 20:06:49 - phq9_analysis.eda - [92mINFO[0m - analyzer.py:427 - Creating daily averages plot...
2026-01-17 20:06:50 - phq9_analysis.eda - [92mINFO[0m - analyzer.py:435 - Creating cluster plot...
2026-01-17 20:06:53 - phq9_analysis.eda - [92mINFO[0m - analyzer.py:445 - Creating response pattern plots...
2026-01-17 20:06:55 - phq9_analysis.eda - [92mINFO[0m - analyzer.py:458 - Creating relapse event plots...
2026-01-17 20:06:56 - phq9_analysis.eda - [92mINFO[0m - analyzer.py:464 - Visualizations saved to: results/eda/visualizations
2026-01-17 20:06:56 - phq9_analysis.eda - [92mINFO[0m - analyzer.py:590 - Results saved to: results/eda
2026-01-17 20:06:56 - phq9_analysis.eda - [92mINFO[0m - logging_util.py:149 - ================================================================================
2026-01-17 20:06:56 - phq9_analysis.eda - [92mINFO[0m - logging_util.py:150 -                              EDA ANALYSIS COMPLETE                              
2026-01-17 20:06:56 - phq9_analysis.eda - [92mINFO[0m - logging_util.py:151 - ================================================================================
2026-01-17 20:06:56 - phq9_analysis.eda - [92mINFO[0m - run_eda.py:105 - 
================================================================================
2026-01-17 20:06:56 - phq9_analysis.eda - [92mINFO[0m - run_eda.py:106 - EDA COMPLETE
2026-01-17 20:06:56 - phq9_analysis.eda - [92mINFO[0m - run_eda.py:107 - ================================================================================
2026-01-17 20:06:56 - phq9_analysis.eda - [92mINFO[0m - run_eda.py:108 - 
Results saved to: results/eda
2026-01-17 20:06:56 - phq9_analysis.eda - [92mINFO[0m - run_eda.py:110 - 
EDA completed successfully!
2026-01-17 20:06:56 - phq9_analysis.eda - [92mINFO[0m - run_eda.py:118 - 
End time: 2026-01-17 20:06:56
